\BOOKMARK [1][-]{section.1}{\376\377\000W\000p\000r\000o\000w\000a\000d\000z\000e\000n\000i\000e}{}% 1
\BOOKMARK [2][-]{subsection.1.1}{\376\377\000C\000e\000l\000\040\000i\000\040\000z\000a\000k\000r\000e\000s\000\040\000p\000r\000a\000c\000y}{section.1}% 2
\BOOKMARK [2][-]{subsection.1.2}{\376\377\000O\000p\000i\000s\000\040\000p\000r\000o\000b\000l\000e\000m\000u\000\040\000i\000\040\000m\000o\000t\000y\000w\000a\000c\000j\000a}{section.1}% 3
\BOOKMARK [2][-]{subsection.1.3}{\376\377\000S\000t\000r\000u\000k\000t\000u\000r\000a\000\040\000p\000r\000a\000c\000y}{section.1}% 4
\BOOKMARK [1][-]{section.2}{\376\377\000A\000n\000a\000l\000i\000z\000a\000\040\000w\000y\000m\000a\000g\000a\001\104}{}% 5
\BOOKMARK [2][-]{subsection.2.1}{\376\377\000W\000y\000m\000a\000g\000a\000n\000i\000a\000\040\000f\000u\000n\000k\000c\000j\000o\000n\000a\000l\000n\000e\000\040\000i\000\040\000n\000i\000e\000f\000u\000n\000k\000c\000j\000o\000n\000a\000l\000n\000e}{section.2}% 6
\BOOKMARK [2][-]{subsection.2.2}{\376\377\000A\000n\000a\000l\000i\000z\000a\000\040\000t\000e\000c\000h\000n\000o\000l\000o\000g\000i\000i\000\040\000i\000\040\000n\000a\000r\000z\001\031\000d\000z\000i}{section.2}% 7
\BOOKMARK [2][-]{subsection.2.3}{\376\377\000P\000r\000o\000j\000e\000k\000t\000\040\000a\000r\000c\000h\000i\000t\000e\000k\000t\000u\000r\000y\000\040\000s\000y\000s\000t\000e\000m\000u}{section.2}% 8
\BOOKMARK [1][-]{section.3}{\376\377\000I\000m\000p\000l\000e\000m\000e\000n\000t\000a\000c\000j\000a\000\040\000b\000a\000c\000k\000e\000n\000d\000u\000\040\000z\000\040\000w\000y\000k\000o\000r\000z\000y\000s\000t\000a\000n\000i\000e\000m\000\040\000S\000p\000r\000i\000n\000g\000\040\000B\000o\000o\000t}{}% 9
\BOOKMARK [2][-]{subsection.3.1}{\376\377\000S\000p\000r\000i\000n\000g\000\040\000F\000r\000a\000m\000e\000w\000o\000r\000k\000\040\000v\000s\000\040\000S\000p\000r\000i\000n\000g\000\040\000B\000o\000o\000t}{section.3}% 10
\BOOKMARK [3][-]{subsubsection.3.1.1}{\376\377\000U\000z\000a\000s\000a\000d\000n\000i\000e\000n\000i\000e\000\040\000w\000y\000b\000o\000r\000u\000\040\000i\000\040\000k\000l\000u\000c\000z\000o\000w\000e\000\040\000z\000a\000l\000e\001\174\000n\000o\001\133\000c\000i}{subsection.3.1}% 11
\BOOKMARK [2][-]{subsection.3.2}{\376\377\000S\000t\000r\000u\000k\000t\000u\000r\000a\000\040\000a\000p\000l\000i\000k\000a\000c\000j\000i\000\040\000S\000p\000r\000i\000n\000g\000\040\000B\000o\000o\000t}{section.3}% 12
\BOOKMARK [3][-]{subsubsection.3.2.1}{\376\377\000K\000o\000n\000f\000i\000g\000u\000r\000a\000c\000j\000a\000\040\000g\001\102\000\363\000w\000n\000e\000j\000\040\000k\000l\000a\000s\000y\000\040\000a\000p\000l\000i\000k\000a\000c\000j\000i\000\040\000\050\000@\000S\000p\000r\000i\000n\000g\000B\000o\000o\000t\000A\000p\000p\000l\000i\000c\000a\000t\000i\000o\000n\000\051}{subsection.3.2}% 13
\BOOKMARK [3][-]{subsubsection.3.2.2}{\376\377\000S\000t\000r\000u\000k\000t\000u\000r\000a\000\040\000k\000a\000t\000a\000l\000o\000g\000\363\000w\000\040\000p\000r\000o\000j\000e\000k\000t\000u}{subsection.3.2}% 14
\BOOKMARK [2][-]{subsection.3.3}{\376\377\000A\000r\000c\000h\000i\000t\000e\000k\000t\000u\000r\000a\000\040\000w\000a\000r\000s\000t\000w\000o\000w\000a\000\040\000a\000p\000l\000i\000k\000a\000c\000j\000i}{section.3}% 15
\BOOKMARK [3][-]{subsubsection.3.3.1}{\376\377\000W\000a\000r\000s\000t\000w\000a\000\040\000k\000o\000n\000t\000r\000o\000l\000e\000r\000\363\000w\000\040\000\050\000@\000R\000e\000s\000t\000C\000o\000n\000t\000r\000o\000l\000l\000e\000r\000\051}{subsection.3.3}% 16
\BOOKMARK [3][-]{subsubsection.3.3.2}{\376\377\000W\000a\000r\000s\000t\000w\000a\000\040\000s\000e\000r\000w\000i\000s\000\363\000w\000\040\000\050\000@\000S\000e\000r\000v\000i\000c\000e\000\051}{subsection.3.3}% 17
\BOOKMARK [3][-]{subsubsection.3.3.3}{\376\377\000W\000a\000r\000s\000t\000w\000a\000\040\000d\000o\000s\000t\001\031\000p\000u\000\040\000d\000o\000\040\000d\000a\000n\000y\000c\000h\000\040\000\050\000@\000R\000e\000p\000o\000s\000i\000t\000o\000r\000y\000\051}{subsection.3.3}% 18
\BOOKMARK [3][-]{subsubsection.3.3.4}{\376\377\000P\000e\001\102\000n\000a\000\040\000l\000i\000s\000t\000a\000\040\000e\000n\000d\000p\000o\000i\000n\000t\000\363\000w}{subsection.3.3}% 19
\BOOKMARK [2][-]{subsection.3.4}{\376\377\000P\000r\000o\000j\000e\000k\000t\000o\000w\000a\000n\000i\000e\000\040\000R\000E\000S\000T\000f\000u\000l\000\040\000A\000P\000I}{section.3}% 20
\BOOKMARK [3][-]{subsubsection.3.4.1}{\376\377\000O\000b\000s\001\102\000u\000g\000a\000\040\000p\000a\000r\000a\000m\000e\000t\000r\000\363\000w\000\040\000o\000r\000a\000z\000\040\000s\000e\000r\000i\000a\000l\000i\000z\000a\000c\000j\000a\000\040\000i\000\040\000d\000e\000s\000e\000r\000i\000a\000l\000i\000z\000a\000c\000j\000a\000\040\000J\000S\000O\000N}{subsection.3.4}% 21
\BOOKMARK [2][-]{subsection.3.5}{\376\377\000M\000o\000d\000e\000l\000o\000w\000a\000n\000i\000e\000\040\000d\000a\000n\000y\000c\000h\000\040\000z\000\040\000J\000P\000A\000/\000H\000i\000b\000e\000r\000n\000a\000t\000e}{section.3}% 22
\BOOKMARK [2][-]{subsection.3.6}{\376\377\000I\000n\000t\000e\000g\000r\000a\000c\000j\000a\000\040\000z\000\040\000b\000a\000z\001\005\000\040\000d\000a\000n\000y\000c\000h\000\040\000P\000o\000s\000t\000g\000r\000e\000S\000Q\000L}{section.3}% 23
\BOOKMARK [2][-]{subsection.3.7}{\376\377\000I\000m\000p\000l\000e\000m\000e\000n\000t\000a\000c\000j\000a\000\040\000f\000u\000n\000k\000c\000j\000o\000n\000a\000l\000n\000o\001\133\000c\000i\000\040\000b\000i\000z\000n\000e\000s\000o\000w\000y\000c\000h}{section.3}% 24
\BOOKMARK [3][-]{subsubsection.3.7.1}{\376\377\000Z\000a\000r\000z\001\005\000d\000z\000a\000n\000i\000e\000\040\000u\001\174\000y\000t\000k\000o\000w\000n\000i\000k\000a\000m\000i\000\040\000i\000\040\000a\000u\000t\000o\000r\000y\000z\000a\000c\000j\000a}{subsection.3.7}% 25
\BOOKMARK [3][-]{subsubsection.3.7.2}{\376\377\000Z\000a\000r\000z\001\005\000d\000z\000a\000n\000i\000e\000\040\000p\000r\000z\000e\000p\000i\000s\000a\000m\000i}{subsection.3.7}% 26
\BOOKMARK [2][-]{subsection.3.8}{\376\377\000O\000b\000s\001\102\000u\000g\000a\000\040\000b\001\102\001\031\000d\000\363\000w}{section.3}% 27
\BOOKMARK [2][-]{subsection.3.9}{\376\377\000P\000o\000d\000s\000u\000m\000o\000w\000a\000n\000i\000e\000\040\000r\000o\000z\000d\000z\000i\000a\001\102\000u}{section.3}% 28
\BOOKMARK [1][-]{section.4}{\376\377\000I\000m\000p\000l\000e\000m\000e\000n\000t\000a\000c\000j\000a\000\040\000a\000p\000l\000i\000k\000a\000c\000j\000i\000\040\000f\000r\000o\000n\000t\000e\000n\000d\000o\000w\000e\000j}{}% 29
\BOOKMARK [2][-]{subsection.4.1}{\376\377\000P\000r\000z\000e\000g\000l\001\005\000d\000\040\000a\000r\000c\000h\000i\000t\000e\000k\000t\000u\000r\000y}{section.4}% 30
\BOOKMARK [3][-]{subsubsection.4.1.1}{\376\377\000S\000t\000r\000u\000k\000t\000u\000r\000a\000\040\000p\000r\000o\000j\000e\000k\000t\000u}{subsection.4.1}% 31
\BOOKMARK [3][-]{subsubsection.4.1.2}{\376\377\000W\000z\000o\000r\000c\000e\000\040\000p\000r\000o\000j\000e\000k\000t\000o\000w\000e}{subsection.4.1}% 32
\BOOKMARK [2][-]{subsection.4.2}{\376\377\000S\000e\000r\000w\000i\000s\000y\000\040\000H\000T\000T\000P}{section.4}% 33
\BOOKMARK [3][-]{subsubsection.4.2.1}{\376\377\000A\000u\000t\000h\000.\000s\000e\000r\000v\000i\000c\000e\000.\000t\000s}{subsection.4.2}% 34
\BOOKMARK [3][-]{subsubsection.4.2.2}{\376\377\000R\000e\000c\000i\000p\000e\000.\000s\000e\000r\000v\000i\000c\000e\000.\000t\000s}{subsection.4.2}% 35
\BOOKMARK [3][-]{subsubsection.4.2.3}{\376\377\000F\000i\000l\000t\000e\000r\000.\000s\000e\000r\000v\000i\000c\000e\000.\000t\000s}{subsection.4.2}% 36
\BOOKMARK [3][-]{subsubsection.4.2.4}{\376\377\000P\000r\000o\000f\000i\000l\000e\000.\000s\000e\000r\000v\000i\000c\000e\000.\000t\000s}{subsection.4.2}% 37
\BOOKMARK [2][-]{subsection.4.3}{\376\377\000K\000l\000u\000c\000z\000o\000w\000e\000\040\000k\000o\000m\000p\000o\000n\000e\000n\000t\000y}{section.4}% 38
\BOOKMARK [3][-]{subsubsection.4.3.1}{\376\377\000N\000a\000w\000i\000g\000a\000c\000j\000a\000\040\000i\000\040\000u\000k\001\102\000a\000d}{subsection.4.3}% 39
\BOOKMARK [3][-]{subsubsection.4.3.2}{\376\377\000A\000u\000t\000o\000r\000y\000z\000a\000c\000j\000a}{subsection.4.3}% 40
\BOOKMARK [3][-]{subsubsection.4.3.3}{\376\377\000P\000r\000z\000e\000p\000i\000s\000y}{subsection.4.3}% 41
\BOOKMARK [3][-]{subsubsection.4.3.4}{\376\377\000S\000y\000s\000t\000e\000m\000\040\000f\000i\000l\000t\000r\000o\000w\000a\000n\000i\000a}{subsection.4.3}% 42
\BOOKMARK [3][-]{subsubsection.4.3.5}{\376\377\000P\000r\000o\000f\000i\000l\000\040\000u\001\174\000y\000t\000k\000o\000w\000n\000i\000k\000a}{subsection.4.3}% 43
\BOOKMARK [3][-]{subsubsection.4.3.6}{\376\377\000P\000a\000n\000e\000l\000\040\000a\000d\000m\000i\000n\000i\000s\000t\000r\000a\000t\000o\000r\000a}{subsection.4.3}% 44
\BOOKMARK [2][-]{subsection.4.4}{\376\377\000S\000y\000s\000t\000e\000m\000y\000\040\000w\000s\000p\000a\000r\000c\000i\000a}{section.4}% 45
\BOOKMARK [3][-]{subsubsection.4.4.1}{\376\377\000S\000y\000s\000t\000e\000m\000\040\000p\000o\000w\000i\000a\000d\000o\000m\000i\000e\001\104}{subsection.4.4}% 46
\BOOKMARK [3][-]{subsubsection.4.4.2}{\376\377\000S\000y\000s\000t\000e\000m\000\040\000z\000a\000r\000z\001\005\000d\000z\000a\000n\000i\000a\000\040\000s\000t\000a\000n\000e\000m\000\040\000i\000n\000t\000e\000r\000f\000e\000j\000s\000u}{subsection.4.4}% 47
\BOOKMARK [3][-]{subsubsection.4.4.3}{\376\377\000Z\000a\000r\000z\001\005\000d\000z\000a\000n\000i\000e\000\040\000j\001\031\000z\000y\000k\000i\000e\000m\000\040\000a\000p\000l\000i\000k\000a\000c\000j\000i}{subsection.4.4}% 48
\BOOKMARK [2][-]{subsection.4.5}{\376\377\000P\000o\000d\000s\000u\000m\000o\000w\000a\000n\000i\000e}{section.4}% 49
\BOOKMARK [1][-]{section.5}{\376\377\000W\000e\000r\000y\000f\000i\000k\000a\000c\000j\000a\000,\000\040\000t\000e\000s\000t\000o\000w\000a\000n\000i\000e\000\040\000i\000\040\000k\000o\000n\000t\000e\000n\000e\000r\000y\000z\000a\000c\000j\000a\000\040\000s\000y\000s\000t\000e\000m\000u}{}% 50
\BOOKMARK [2][-]{subsection.5.1}{\376\377\001\132\000r\000o\000d\000o\000w\000i\000s\000k\000o\000\040\000t\000e\000s\000t\000o\000w\000e\000\040\000i\000\040\000w\000y\000k\000o\000r\000z\000y\000s\000t\000a\000n\000e\000\040\000n\000a\000r\000z\001\031\000d\000z\000i\000a}{section.5}% 51
\BOOKMARK [2][-]{subsection.5.2}{\376\377\000K\000o\000n\000t\000e\000n\000e\000r\000y\000z\000a\000c\000j\000a\000\040\001\133\000r\000o\000d\000o\000w\000i\000s\000k\000a}{section.5}% 52
\BOOKMARK [3][-]{subsubsection.5.2.1}{\376\377\000B\000u\000d\000o\000w\000a\000\040\000o\000b\000r\000a\000z\000\363\000w\000\040\000k\000o\000n\000t\000e\000n\000e\000r\000\363\000w}{subsection.5.2}% 53
\BOOKMARK [3][-]{subsubsection.5.2.2}{\376\377\000O\000r\000k\000i\000e\000s\000t\000r\000a\000c\000j\000a\000\040\000u\000s\001\102\000u\000g}{subsection.5.2}% 54
\BOOKMARK [2][-]{subsection.5.3}{\376\377\000T\000e\000s\000t\000y\000\040\000w\000a\000r\000s\000t\000w\000y\000\040\000s\000e\000r\000w\000e\000r\000o\000w\000e\000j}{section.5}% 55
\BOOKMARK [3][-]{subsubsection.5.3.1}{\376\377\000T\000e\000s\000t\000y\000\040\000j\000e\000d\000n\000o\000s\000t\000k\000o\000w\000e}{subsection.5.3}% 56
\BOOKMARK [3][-]{subsubsection.5.3.2}{\376\377\000T\000e\000s\000t\000y\000\040\000i\000n\000t\000e\000g\000r\000a\000c\000y\000j\000n\000e}{subsection.5.3}% 57
\BOOKMARK [2][-]{subsection.5.4}{\376\377\000T\000e\000s\000t\000y\000\040\000w\000a\000r\000s\000t\000w\000y\000\040\000k\000l\000i\000e\000n\000c\000k\000i\000e\000j}{section.5}% 58
\BOOKMARK [3][-]{subsubsection.5.4.1}{\376\377\000W\000e\000r\000y\000f\000i\000k\000a\000c\000j\000a\000\040\000l\000o\000g\000i\000k\000i\000\040\000i\000\040\000f\000o\000r\000m\000u\000l\000a\000r\000z\000y}{subsection.5.4}% 59
\BOOKMARK [3][-]{subsubsection.5.4.2}{\376\377\000T\000e\000s\000t\000y\000\040\000w\000a\000r\000s\000t\000w\000y\000\040\000p\000r\000e\000z\000e\000n\000t\000a\000c\000j\000i}{subsection.5.4}% 60
\BOOKMARK [2][-]{subsection.5.5}{\376\377\000T\000e\000s\000t\000y\000\040\000w\000y\000d\000a\000j\000n\000o\001\133\000c\000i\000o\000w\000e}{section.5}% 61
\BOOKMARK [3][-]{subsubsection.5.5.1}{\376\377\000S\000c\000e\000n\000a\000r\000i\000u\000s\000z\000\040\000t\000e\000s\000t\000o\000w\000y}{subsection.5.5}% 62
\BOOKMARK [3][-]{subsubsection.5.5.2}{\376\377\000S\000p\000o\000s\000\363\000b\000\040\000u\000r\000u\000c\000h\000o\000m\000i\000e\000n\000i\000a}{subsection.5.5}% 63
\BOOKMARK [1][-]{section.6}{\376\377\000P\000o\000d\000s\000u\000m\000o\000w\000a\000n\000i\000e\000\040\000i\000\040\000w\000n\000i\000o\000s\000k\000i}{}% 64
\BOOKMARK [2][-]{subsection.6.1}{\376\377\000K\000i\000e\000r\000u\000n\000k\000i\000\040\000d\000a\000l\000s\000z\000e\000g\000o\000\040\000r\000o\000z\000w\000o\000j\000u\000\040\000a\000p\000l\000i\000k\000a\000c\000j\000i}{section.6}% 65
\BOOKMARK [2][-]{subsection.6.2}{\376\377\000P\000r\000z\000e\000p\000i\000s\000\040\000n\000a\000\040\000c\000a\000r\000b\000o\000n\000a\000r\001\031}{section.6}% 66
\BOOKMARK [1][-]{Item.40}{\376\377\001\171\000r\000\363\000d\001\102\000a}{}% 67
