This is pdfTeX, Version 3.141592653-2.6-1.40.27 (TeX Live 2025) (preloaded format=pdflatex 2025.12.18)  18 DEC 2025 17:35
entering extended mode
 \write18 enabled.
 file:line:error style messages enabled.
 %&-line parsing enabled.
**"/Users/brbn/Downloads/vertopal.com_Praca in≈ºynierska/praca_inzynierska.tex"
(/Users/brbn/Downloads/vertopal.com_Praca in≈ºynierska/praca_inzynierska.tex
LaTeX2e <2024-11-01> patch level 2
L3 programming layer <2025-01-18>
(/usr/local/texlive/2025/texmf-dist/tex/latex/base/article.cls
Document Class: article 2024/06/29 v1.4n Standard LaTeX document class
(/usr/local/texlive/2025/texmf-dist/tex/latex/base/size12.clo
File: size12.clo 2024/06/29 v1.4n Standard LaTeX file (size option)
)
\c@part=\count196
\c@section=\count197
\c@subsection=\count198
\c@subsubsection=\count199
\c@paragraph=\count266
\c@subparagraph=\count267
\c@figure=\count268
\c@table=\count269
\abovecaptionskip=\skip49
\belowcaptionskip=\skip50
\bibindent=\dimen141
) (/usr/local/texlive/2025/texmf-dist/tex/latex/base/inputenc.sty
Package: inputenc 2024/02/08 v1.3d Input encoding file
\inpenc@prehook=\toks17
\inpenc@posthook=\toks18
) (/usr/local/texlive/2025/texmf-dist/tex/latex/base/fontenc.sty
Package: fontenc 2021/04/29 v2.0v Standard LaTeX package
) (/usr/local/texlive/2025/texmf-dist/tex/generic/babel/babel.sty
Package: babel 2025/02/14 v25.4 The multilingual framework for pdfLaTeX, LuaLaTeX and XeLaTeX
\babel@savecnt=\count270
\U@D=\dimen142
\l@unhyphenated=\language90
 (/usr/local/texlive/2025/texmf-dist/tex/generic/babel/txtbabel.def)
\bbl@readstream=\read2
\bbl@dirlevel=\count271
 (/usr/local/texlive/2025/texmf-dist/tex/generic/babel-polish/polish.ldf
Language: polish 2022/03/12 1.3 Babel support for Polish
Package babel Info: Making " an active character on input line 101.
)) (/usr/local/texlive/2025/texmf-dist/tex/generic/babel/locale/pl/babel-polish.tex
Package babel Info: Importing font and identification data for polish
(babel)             from babel-pl.ini. Reported on input line 11.
) (/usr/local/texlive/2025/texmf-dist/tex/latex/amsmath/amsmath.sty
Package: amsmath 2024/11/05 v2.17t AMS math features
\@mathmargin=\skip51

For additional information on amsmath, use the `?' option.
(/usr/local/texlive/2025/texmf-dist/tex/latex/amsmath/amstext.sty
Package: amstext 2021/08/26 v2.01 AMS text
 (/usr/local/texlive/2025/texmf-dist/tex/latex/amsmath/amsgen.sty
File: amsgen.sty 1999/11/30 v2.0 generic functions
\@emptytoks=\toks19
\ex@=\dimen143
)) (/usr/local/texlive/2025/texmf-dist/tex/latex/amsmath/amsbsy.sty
Package: amsbsy 1999/11/29 v1.2d Bold Symbols
\pmbraise@=\dimen144
) (/usr/local/texlive/2025/texmf-dist/tex/latex/amsmath/amsopn.sty
Package: amsopn 2022/04/08 v2.04 operator names
)
\inf@bad=\count272
LaTeX Info: Redefining \frac on input line 233.
\uproot@=\count273
\leftroot@=\count274
LaTeX Info: Redefining \overline on input line 398.
LaTeX Info: Redefining \colon on input line 409.
\classnum@=\count275
\DOTSCASE@=\count276
LaTeX Info: Redefining \ldots on input line 495.
LaTeX Info: Redefining \dots on input line 498.
LaTeX Info: Redefining \cdots on input line 619.
\Mathstrutbox@=\box52
\strutbox@=\box53
LaTeX Info: Redefining \big on input line 721.
LaTeX Info: Redefining \Big on input line 722.
LaTeX Info: Redefining \bigg on input line 723.
LaTeX Info: Redefining \Bigg on input line 724.
\big@size=\dimen145
LaTeX Font Info:    Redeclaring font encoding OML on input line 742.
LaTeX Font Info:    Redeclaring font encoding OMS on input line 743.
\macc@depth=\count277
LaTeX Info: Redefining \bmod on input line 904.
LaTeX Info: Redefining \pmod on input line 909.
LaTeX Info: Redefining \smash on input line 939.
LaTeX Info: Redefining \relbar on input line 969.
LaTeX Info: Redefining \Relbar on input line 970.
\c@MaxMatrixCols=\count278
\dotsspace@=\muskip17
\c@parentequation=\count279
\dspbrk@lvl=\count280
\tag@help=\toks20
\row@=\count281
\column@=\count282
\maxfields@=\count283
\andhelp@=\toks21
\eqnshift@=\dimen146
\alignsep@=\dimen147
\tagshift@=\dimen148
\tagwidth@=\dimen149
\totwidth@=\dimen150
\lineht@=\dimen151
\@envbody=\toks22
\multlinegap=\skip52
\multlinetaggap=\skip53
\mathdisplay@stack=\toks23
LaTeX Info: Redefining \[ on input line 2953.
LaTeX Info: Redefining \] on input line 2954.
) (/usr/local/texlive/2025/texmf-dist/tex/latex/amsfonts/amssymb.sty
Package: amssymb 2013/01/14 v3.01 AMS font symbols
 (/usr/local/texlive/2025/texmf-dist/tex/latex/amsfonts/amsfonts.sty
Package: amsfonts 2013/01/14 v3.01 Basic AMSFonts support
\symAMSa=\mathgroup4
\symAMSb=\mathgroup5
LaTeX Font Info:    Redeclaring math symbol \hbar on input line 98.
LaTeX Font Info:    Overwriting math alphabet `\mathfrak' in version `bold'
(Font)                  U/euf/m/n --> U/euf/b/n on input line 106.
)) (/usr/local/texlive/2025/texmf-dist/tex/latex/setspace/setspace.sty
Package: setspace 2022/12/04 v6.7b set line spacing
) (/usr/local/texlive/2025/texmf-dist/tex/latex/lm/lmodern.sty
Package: lmodern 2015/05/01 v1.6.1 Latin Modern Fonts
LaTeX Font Info:    Overwriting symbol font `operators' in version `normal'
(Font)                  OT1/cmr/m/n --> OT1/lmr/m/n on input line 22.
LaTeX Font Info:    Overwriting symbol font `letters' in version `normal'
(Font)                  OML/cmm/m/it --> OML/lmm/m/it on input line 23.
LaTeX Font Info:    Overwriting symbol font `symbols' in version `normal'
(Font)                  OMS/cmsy/m/n --> OMS/lmsy/m/n on input line 24.
LaTeX Font Info:    Overwriting symbol font `largesymbols' in version `normal'
(Font)                  OMX/cmex/m/n --> OMX/lmex/m/n on input line 25.
LaTeX Font Info:    Overwriting symbol font `operators' in version `bold'
(Font)                  OT1/cmr/bx/n --> OT1/lmr/bx/n on input line 26.
LaTeX Font Info:    Overwriting symbol font `letters' in version `bold'
(Font)                  OML/cmm/b/it --> OML/lmm/b/it on input line 27.
LaTeX Font Info:    Overwriting symbol font `symbols' in version `bold'
(Font)                  OMS/cmsy/b/n --> OMS/lmsy/b/n on input line 28.
LaTeX Font Info:    Overwriting symbol font `largesymbols' in version `bold'
(Font)                  OMX/cmex/m/n --> OMX/lmex/m/n on input line 29.
LaTeX Font Info:    Overwriting math alphabet `\mathbf' in version `normal'
(Font)                  OT1/cmr/bx/n --> OT1/lmr/bx/n on input line 31.
LaTeX Font Info:    Overwriting math alphabet `\mathsf' in version `normal'
(Font)                  OT1/cmss/m/n --> OT1/lmss/m/n on input line 32.
LaTeX Font Info:    Overwriting math alphabet `\mathit' in version `normal'
(Font)                  OT1/cmr/m/it --> OT1/lmr/m/it on input line 33.
LaTeX Font Info:    Overwriting math alphabet `\mathtt' in version `normal'
(Font)                  OT1/cmtt/m/n --> OT1/lmtt/m/n on input line 34.
LaTeX Font Info:    Overwriting math alphabet `\mathbf' in version `bold'
(Font)                  OT1/cmr/bx/n --> OT1/lmr/bx/n on input line 35.
LaTeX Font Info:    Overwriting math alphabet `\mathsf' in version `bold'
(Font)                  OT1/cmss/bx/n --> OT1/lmss/bx/n on input line 36.
LaTeX Font Info:    Overwriting math alphabet `\mathit' in version `bold'
(Font)                  OT1/cmr/bx/it --> OT1/lmr/bx/it on input line 37.
LaTeX Font Info:    Overwriting math alphabet `\mathtt' in version `bold'
(Font)                  OT1/cmtt/m/n --> OT1/lmtt/m/n on input line 38.
) (/usr/local/texlive/2025/texmf-dist/tex/latex/graphics/graphicx.sty
Package: graphicx 2021/09/16 v1.2d Enhanced LaTeX Graphics (DPC,SPQR)
 (/usr/local/texlive/2025/texmf-dist/tex/latex/graphics/keyval.sty
Package: keyval 2022/05/29 v1.15 key=value parser (DPC)
\KV@toks@=\toks24
) (/usr/local/texlive/2025/texmf-dist/tex/latex/graphics/graphics.sty
Package: graphics 2024/08/06 v1.4g Standard LaTeX Graphics (DPC,SPQR)
 (/usr/local/texlive/2025/texmf-dist/tex/latex/graphics/trig.sty
Package: trig 2023/12/02 v1.11 sin cos tan (DPC)
) (/usr/local/texlive/2025/texmf-dist/tex/latex/graphics-cfg/graphics.cfg
File: graphics.cfg 2016/06/04 v1.11 sample graphics configuration
)
Package graphics Info: Driver file: pdftex.def on input line 106.
 (/usr/local/texlive/2025/texmf-dist/tex/latex/graphics-def/pdftex.def
File: pdftex.def 2024/04/13 v1.2c Graphics/color driver for pdftex
))
\Gin@req@height=\dimen152
\Gin@req@width=\dimen153
) (/usr/local/texlive/2025/texmf-dist/tex/latex/xcolor/xcolor.sty
Package: xcolor 2024/09/29 v3.02 LaTeX color extensions (UK)
 (/usr/local/texlive/2025/texmf-dist/tex/latex/graphics-cfg/color.cfg
File: color.cfg 2016/01/02 v1.6 sample color configuration
)
Package xcolor Info: Driver file: pdftex.def on input line 274.
 (/usr/local/texlive/2025/texmf-dist/tex/latex/graphics/mathcolor.ltx)
Package xcolor Info: Model `cmy' substituted by `cmy0' on input line 1349.
Package xcolor Info: Model `hsb' substituted by `rgb' on input line 1353.
Package xcolor Info: Model `RGB' extended on input line 1365.
Package xcolor Info: Model `HTML' substituted by `rgb' on input line 1367.
Package xcolor Info: Model `Hsb' substituted by `hsb' on input line 1368.
Package xcolor Info: Model `tHsb' substituted by `hsb' on input line 1369.
Package xcolor Info: Model `HSB' substituted by `hsb' on input line 1370.
Package xcolor Info: Model `Gray' substituted by `gray' on input line 1371.
Package xcolor Info: Model `wave' substituted by `hsb' on input line 1372.
) (/usr/local/texlive/2025/texmf-dist/tex/latex/hyperref/hyperref.sty
Package: hyperref 2024-11-05 v7.01l Hypertext links for LaTeX
 (/usr/local/texlive/2025/texmf-dist/tex/generic/iftex/iftex.sty
Package: iftex 2024/12/12 v1.0g TeX engine tests
) (/usr/local/texlive/2025/texmf-dist/tex/latex/kvsetkeys/kvsetkeys.sty
Package: kvsetkeys 2022-10-05 v1.19 Key value parser (HO)
) (/usr/local/texlive/2025/texmf-dist/tex/generic/kvdefinekeys/kvdefinekeys.sty
Package: kvdefinekeys 2019-12-19 v1.6 Define keys (HO)
) (/usr/local/texlive/2025/texmf-dist/tex/generic/pdfescape/pdfescape.sty
Package: pdfescape 2019/12/09 v1.15 Implements pdfTeX's escape features (HO)
 (/usr/local/texlive/2025/texmf-dist/tex/generic/ltxcmds/ltxcmds.sty
Package: ltxcmds 2023-12-04 v1.26 LaTeX kernel commands for general use (HO)
) (/usr/local/texlive/2025/texmf-dist/tex/generic/pdftexcmds/pdftexcmds.sty
Package: pdftexcmds 2020-06-27 v0.33 Utility functions of pdfTeX for LuaTeX (HO)
 (/usr/local/texlive/2025/texmf-dist/tex/generic/infwarerr/infwarerr.sty
Package: infwarerr 2019/12/03 v1.5 Providing info/warning/error messages (HO)
)
Package pdftexcmds Info: \pdf@primitive is available.
Package pdftexcmds Info: \pdf@ifprimitive is available.
Package pdftexcmds Info: \pdfdraftmode found.
)) (/usr/local/texlive/2025/texmf-dist/tex/latex/hycolor/hycolor.sty
Package: hycolor 2020-01-27 v1.10 Color options for hyperref/bookmark (HO)
) (/usr/local/texlive/2025/texmf-dist/tex/latex/hyperref/nameref.sty
Package: nameref 2023-11-26 v2.56 Cross-referencing by name of section
 (/usr/local/texlive/2025/texmf-dist/tex/latex/refcount/refcount.sty
Package: refcount 2019/12/15 v3.6 Data extraction from label references (HO)
) (/usr/local/texlive/2025/texmf-dist/tex/generic/gettitlestring/gettitlestring.sty
Package: gettitlestring 2019/12/15 v1.6 Cleanup title references (HO)
 (/usr/local/texlive/2025/texmf-dist/tex/latex/kvoptions/kvoptions.sty
Package: kvoptions 2022-06-15 v3.15 Key value format for package options (HO)
))
\c@section@level=\count284
) (/usr/local/texlive/2025/texmf-dist/tex/latex/etoolbox/etoolbox.sty
Package: etoolbox 2025/02/11 v2.5l e-TeX tools for LaTeX (JAW)
\etb@tempcnta=\count285
) (/usr/local/texlive/2025/texmf-dist/tex/generic/stringenc/stringenc.sty
Package: stringenc 2019/11/29 v1.12 Convert strings between diff. encodings (HO)
)
\@linkdim=\dimen154
\Hy@linkcounter=\count286
\Hy@pagecounter=\count287
 (/usr/local/texlive/2025/texmf-dist/tex/latex/hyperref/pd1enc.def
File: pd1enc.def 2024-11-05 v7.01l Hyperref: PDFDocEncoding definition (HO)
Now handling font encoding PD1 ...
... no UTF-8 mapping file for font encoding PD1
) (/usr/local/texlive/2025/texmf-dist/tex/generic/intcalc/intcalc.sty
Package: intcalc 2019/12/15 v1.3 Expandable calculations with integers (HO)
)
\Hy@SavedSpaceFactor=\count288
 (/usr/local/texlive/2025/texmf-dist/tex/latex/hyperref/puenc.def
File: puenc.def 2024-11-05 v7.01l Hyperref: PDF Unicode definition (HO)
Now handling font encoding PU ...
... no UTF-8 mapping file for font encoding PU
)
Package hyperref Info: Hyper figures OFF on input line 4157.
Package hyperref Info: Link nesting OFF on input line 4162.
Package hyperref Info: Hyper index ON on input line 4165.
Package hyperref Info: Plain pages OFF on input line 4172.
Package hyperref Info: Backreferencing OFF on input line 4177.
Package hyperref Info: Implicit mode ON; LaTeX internals redefined.
Package hyperref Info: Bookmarks ON on input line 4424.
\c@Hy@tempcnt=\count289
 (/usr/local/texlive/2025/texmf-dist/tex/latex/url/url.sty
\Urlmuskip=\muskip18
Package: url 2013/09/16  ver 3.4  Verb mode for urls, etc.
)
LaTeX Info: Redefining \url on input line 4763.
\XeTeXLinkMargin=\dimen155
 (/usr/local/texlive/2025/texmf-dist/tex/generic/bitset/bitset.sty
Package: bitset 2019/12/09 v1.3 Handle bit-vector datatype (HO)
 (/usr/local/texlive/2025/texmf-dist/tex/generic/bigintcalc/bigintcalc.sty
Package: bigintcalc 2019/12/15 v1.5 Expandable calculations on big integers (HO)
))
\Fld@menulength=\count290
\Field@Width=\dimen156
\Fld@charsize=\dimen157
Package hyperref Info: Hyper figures OFF on input line 6042.
Package hyperref Info: Link nesting OFF on input line 6047.
Package hyperref Info: Hyper index ON on input line 6050.
Package hyperref Info: backreferencing OFF on input line 6057.
Package hyperref Info: Link coloring OFF on input line 6062.
Package hyperref Info: Link coloring with OCG OFF on input line 6067.
Package hyperref Info: PDF/A mode OFF on input line 6072.
 (/usr/local/texlive/2025/texmf-dist/tex/latex/base/atbegshi-ltx.sty
Package: atbegshi-ltx 2021/01/10 v1.0c Emulation of the original atbegshi
package with kernel methods
)
\Hy@abspage=\count291
\c@Item=\count292
\c@Hfootnote=\count293
)
Package hyperref Info: Driver (autodetected): hpdftex.
 (/usr/local/texlive/2025/texmf-dist/tex/latex/hyperref/hpdftex.def
File: hpdftex.def 2024-11-05 v7.01l Hyperref driver for pdfTeX
 (/usr/local/texlive/2025/texmf-dist/tex/latex/base/atveryend-ltx.sty
Package: atveryend-ltx 2020/08/19 v1.0a Emulation of the original atveryend package
with kernel methods
)
\Fld@listcount=\count294
\c@bookmark@seq@number=\count295
 (/usr/local/texlive/2025/texmf-dist/tex/latex/rerunfilecheck/rerunfilecheck.sty
Package: rerunfilecheck 2022-07-10 v1.10 Rerun checks for auxiliary files (HO)
 (/usr/local/texlive/2025/texmf-dist/tex/generic/uniquecounter/uniquecounter.sty
Package: uniquecounter 2019/12/15 v1.4 Provide unlimited unique counter (HO)
)
Package uniquecounter Info: New unique counter `rerunfilecheck' on input line 285.
)
\Hy@SectionHShift=\skip54
) (/usr/local/texlive/2025/texmf-dist/tex/latex/geometry/geometry.sty
Package: geometry 2020/01/02 v5.9 Page Geometry
 (/usr/local/texlive/2025/texmf-dist/tex/generic/iftex/ifvtex.sty
Package: ifvtex 2019/10/25 v1.7 ifvtex legacy package. Use iftex instead.
)
\Gm@cnth=\count296
\Gm@cntv=\count297
\c@Gm@tempcnt=\count298
\Gm@bindingoffset=\dimen158
\Gm@wd@mp=\dimen159
\Gm@odd@mp=\dimen160
\Gm@even@mp=\dimen161
\Gm@layoutwidth=\dimen162
\Gm@layoutheight=\dimen163
\Gm@layouthoffset=\dimen164
\Gm@layoutvoffset=\dimen165
\Gm@dimlist=\toks25
) (/usr/local/texlive/2025/texmf-dist/tex/latex/minted/minted.sty
Package: minted 2025/03/06 v3.6.0 Yet another Pygments shim for LaTeX
 (/usr/local/texlive/2025/texmf-dist/tex/generic/catchfile/catchfile.sty
Package: catchfile 2019/12/09 v1.8 Catch the contents of a file (HO)
 (/usr/local/texlive/2025/texmf-dist/tex/generic/etexcmds/etexcmds.sty
Package: etexcmds 2019/12/15 v1.7 Avoid name clashes with e-TeX commands (HO)
)) (/usr/local/texlive/2025/texmf-dist/tex/latex/fvextra/fvextra.sty
Package: fvextra 2025/03/04 v1.12.0 fvextra - extensions and patches for fancyvrb
 (/usr/local/texlive/2025/texmf-dist/tex/latex/fancyvrb/fancyvrb.sty
Package: fancyvrb 2024/01/20 4.5c verbatim text (tvz,hv)
\FV@CodeLineNo=\count299
\FV@InFile=\read3
\FV@TabBox=\box54
\c@FancyVerbLine=\count300
\FV@StepNumber=\count301
\FV@OutFile=\write3
) (/usr/local/texlive/2025/texmf-dist/tex/latex/upquote/upquote.sty
Package: upquote 2012/04/19 v1.3 upright-quote and grave-accent glyphs in verbatim
 (/usr/local/texlive/2025/texmf-dist/tex/latex/base/textcomp.sty
Package: textcomp 2024/04/24 v2.1b Standard LaTeX package
)) (/usr/local/texlive/2025/texmf-dist/tex/latex/lineno/lineno.sty
Package: lineno 2025/01/29 line numbers on paragraphs v5.4
\linenopenalty=\count302
\output=\toks26
\linenoprevgraf=\count303
\linenumbersep=\dimen166
\linenumberwidth=\dimen167
\c@linenumber=\count304
\c@pagewiselinenumber=\count305
\c@LN@truepage=\count306
\c@internallinenumber=\count307
\c@internallinenumbers=\count308
\quotelinenumbersep=\dimen168
\bframerule=\dimen169
\bframesep=\dimen170
\bframebox=\box55
\@LN@amsmath@ams@eqpen=\count309
LaTeX Info: Redefining \\ on input line 3187.
)
\c@FancyVerbWriteLine=\count310
\c@FancyVerbBufferLine=\count311
\c@FV@TrueTabGroupLevel=\count312
\c@FV@TrueTabCounter=\count313
\FV@TabBox@Group=\box56
\FV@bgcolorstructbox=\box57
\FV@TmpLength=\skip55
\c@FV@HighlightLinesStart=\count314
\c@FV@HighlightLinesStop=\count315
\FV@LoopCount=\count316
\FV@NCharsBox=\box58
\FV@BreakIndent=\dimen171
\FV@BreakIndentNChars=\count317
\FV@BreakSymbolSepLeft=\dimen172
\FV@BreakSymbolSepLeftNChars=\count318
\FV@BreakSymbolSepRight=\dimen173
\FV@BreakSymbolSepRightNChars=\count319
\FV@BreakSymbolIndentLeft=\dimen174
\FV@BreakSymbolIndentLeftNChars=\count320
\FV@BreakSymbolIndentRight=\dimen175
\FV@BreakSymbolIndentRightNChars=\count321
\c@FancyVerbLineBreakLast=\count322
\FV@LineBox=\box59
\FV@LineIndentBox=\box60
\c@FV@BreakBufferDepth=\count323
\FV@LineWidth=\dimen176
) (/usr/local/texlive/2025/texmf-dist/tex/latex/latex2pydata/latex2pydata.sty
Package: latex2pydata 2025/03/03 v0.5.0 latex2pydata - write data to file in Python literal format
) (/usr/local/texlive/2025/texmf-dist/tex/latex/pgf/utilities/pgfkeys.sty (/usr/local/texlive/2025/texmf-dist/tex/generic/pgf/utilities/pgfkeys.code.tex
\pgfkeys@pathtoks=\toks27
\pgfkeys@temptoks=\toks28
 (/usr/local/texlive/2025/texmf-dist/tex/generic/pgf/utilities/pgfkeyslibraryfiltered.code.tex
\pgfkeys@tmptoks=\toks29
))) (/usr/local/texlive/2025/texmf-dist/tex/latex/pgfopts/pgfopts.sty
Package: pgfopts 2014/07/10 v2.1a LaTeX package options with pgfkeys
\pgfopts@list@add@a@toks=\toks30
\pgfopts@list@add@b@toks=\toks31
) (/usr/local/texlive/2025/texmf-dist/tex/latex/tools/shellesc.sty
Package: shellesc 2023/07/08 v1.0d unified shell escape interface for LaTeX
Package shellesc Info: Unrestricted shell escape enabled on input line 75.
) (/usr/local/texlive/2025/texmf-dist/tex/latex/float/float.sty
Package: float 2001/11/08 v1.3d Float enhancements (AL)
\c@float@type=\count324
\float@exts=\toks32
\float@box=\box61
\@float@everytoks=\toks33
\@floatcapt=\box62
)
\c@minted@FancyVerbLineTemp=\count325
\@float@every@listing=\toks34
\c@listing=\count326
)

Package geometry Warning: Over-specification in `h'-direction.
    `width' (483.69684pt) is ignored.


Package geometry Warning: Over-specification in `v'-direction.
    `height' (731.23582pt) is ignored.

Package hyperref Info: Option `colorlinks' set `true' on input line 30.
LaTeX Font Info:    Trying to load font information for T1+lmr on input line 32.
(/usr/local/texlive/2025/texmf-dist/tex/latex/lm/t1lmr.fd
File: t1lmr.fd 2015/05/01 v1.6.1 Font defs for Latin Modern
) (/usr/local/texlive/2025/texmf-dist/tex/latex/l3backend/l3backend-pdftex.def
File: l3backend-pdftex.def 2024-05-08 L3 backend support: PDF output (pdfTeX)
\l__color_backend_stack_int=\count327
\l__pdf_internal_box=\box63
) (/Users/brbn/Downloads/vertopal.com_Praca in≈ºynierska/praca_inzynierska.aux)
\openout1 = `praca_inzynierska.aux'.

LaTeX Font Info:    Checking defaults for OML/cmm/m/it on input line 32.
LaTeX Font Info:    ... okay on input line 32.
LaTeX Font Info:    Checking defaults for OMS/cmsy/m/n on input line 32.
LaTeX Font Info:    ... okay on input line 32.
LaTeX Font Info:    Checking defaults for OT1/cmr/m/n on input line 32.
LaTeX Font Info:    ... okay on input line 32.
LaTeX Font Info:    Checking defaults for T1/cmr/m/n on input line 32.
LaTeX Font Info:    ... okay on input line 32.
LaTeX Font Info:    Checking defaults for TS1/cmr/m/n on input line 32.
LaTeX Font Info:    ... okay on input line 32.
LaTeX Font Info:    Checking defaults for OMX/cmex/m/n on input line 32.
LaTeX Font Info:    ... okay on input line 32.
LaTeX Font Info:    Checking defaults for U/cmr/m/n on input line 32.
LaTeX Font Info:    ... okay on input line 32.
LaTeX Font Info:    Checking defaults for PD1/pdf/m/n on input line 32.
LaTeX Font Info:    ... okay on input line 32.
LaTeX Font Info:    Checking defaults for PU/pdf/m/n on input line 32.
LaTeX Font Info:    ... okay on input line 32.
 (/usr/local/texlive/2025/texmf-dist/tex/context/base/mkii/supp-pdf.mkii
[Loading MPS to PDF converter (version 2006.09.02).]
\scratchcounter=\count328
\scratchdimen=\dimen177
\scratchbox=\box64
\nofMPsegments=\count329
\nofMParguments=\count330
\everyMPshowfont=\toks35
\MPscratchCnt=\count331
\MPscratchDim=\dimen178
\MPnumerator=\count332
\makeMPintoPDFobject=\count333
\everyMPtoPDFconversion=\toks36
) (/usr/local/texlive/2025/texmf-dist/tex/latex/epstopdf-pkg/epstopdf-base.sty
Package: epstopdf-base 2020-01-24 v2.11 Base part for package epstopdf
Package epstopdf-base Info: Redefining graphics rule for `.eps' on input line 485.
 (/usr/local/texlive/2025/texmf-dist/tex/latex/latexconfig/epstopdf-sys.cfg
File: epstopdf-sys.cfg 2010/07/13 v1.3 Configuration of (r)epstopdf for TeX Live
))
Package hyperref Info: Link coloring ON on input line 32.
 (/Users/brbn/Downloads/vertopal.com_Praca in≈ºynierska/praca_inzynierska.out) (/Users/brbn/Downloads/vertopal.com_Praca in≈ºynierska/praca_inzynierska.out)
\@outlinefile=\write4
\openout4 = `praca_inzynierska.out'.


*geometry* driver: auto-detecting
*geometry* detected driver: pdftex
*geometry* verbose mode - [ preamble ] result:
* driver: pdftex
* paper: a4paper
* layout: <same size as paper>
* layoutoffset:(h,v)=(0.0pt,0.0pt)
* modes: 
* h-part:(L,W,R)=(99.58464pt, 426.79135pt, 71.13188pt)
* v-part:(T,H,B)=(71.13188pt, 702.78308pt, 71.13188pt)
* \paperwidth=597.50787pt
* \paperheight=845.04684pt
* \textwidth=426.79135pt
* \textheight=702.78308pt
* \oddsidemargin=27.31465pt
* \evensidemargin=27.31465pt
* \topmargin=-38.1381pt
* \headheight=12.0pt
* \headsep=25.0pt
* \topskip=12.0pt
* \footskip=30.0pt
* \marginparwidth=35.0pt
* \marginparsep=10.0pt
* \columnsep=10.0pt
* \skip\footins=10.8pt plus 4.0pt minus 2.0pt
* \hoffset=0.0pt
* \voffset=0.0pt
* \mag=1000
* \@twocolumnfalse
* \@twosidefalse
* \@mparswitchfalse
* \@reversemarginfalse
* (1in=72.27pt=25.4mm, 1cm=28.453pt)



[1

{/usr/local/texlive/2025/texmf-var/fonts/map/pdftex/updmap/pdftex.map}{/usr/local/texlive/2025/texmf-dist/fonts/enc/dvips/lm/lm-ec.enc}] (/Users/brbn/Downloads/vertopal.com_Praca in≈ºynierska/praca_inzynierska.toc
LaTeX Font Info:    Trying to load font information for OT1+lmr on input line 3.
 (/usr/local/texlive/2025/texmf-dist/tex/latex/lm/ot1lmr.fd
File: ot1lmr.fd 2015/05/01 v1.6.1 Font defs for Latin Modern
)
LaTeX Font Info:    Trying to load font information for OML+lmm on input line 3.
 (/usr/local/texlive/2025/texmf-dist/tex/latex/lm/omllmm.fd
File: omllmm.fd 2015/05/01 v1.6.1 Font defs for Latin Modern
)
LaTeX Font Info:    Trying to load font information for OMS+lmsy on input line 3.
 (/usr/local/texlive/2025/texmf-dist/tex/latex/lm/omslmsy.fd
File: omslmsy.fd 2015/05/01 v1.6.1 Font defs for Latin Modern
)
LaTeX Font Info:    Trying to load font information for OMX+lmex on input line 3.
 (/usr/local/texlive/2025/texmf-dist/tex/latex/lm/omxlmex.fd
File: omxlmex.fd 2015/05/01 v1.6.1 Font defs for Latin Modern
)
LaTeX Font Info:    External font `lmex10' loaded for size
(Font)              <12> on input line 3.
LaTeX Font Info:    External font `lmex10' loaded for size
(Font)              <8> on input line 3.
LaTeX Font Info:    External font `lmex10' loaded for size
(Font)              <6> on input line 3.
LaTeX Font Info:    Trying to load font information for U+msa on input line 3.
 (/usr/local/texlive/2025/texmf-dist/tex/latex/amsfonts/umsa.fd
File: umsa.fd 2013/01/14 v3.01 AMS symbols A
)
LaTeX Font Info:    Trying to load font information for U+msb on input line 3.
 (/usr/local/texlive/2025/texmf-dist/tex/latex/amsfonts/umsb.fd
File: umsb.fd 2013/01/14 v3.01 AMS symbols B
)


pdfTeX warning (ext4): destination with the same identifier (name{page.1}) has been already used, duplicate ignored
<to be read again> 
                   \relax 
l.55 ...tem powiadomie≈Ñ}{51}{subsubsection.4.4.1}
                                                  % [1])
\tf@toc=\write5
\openout5 = `praca_inzynierska.toc'.



[2]

[3]
LaTeX Font Info:    Trying to load font information for TS1+lmr on input line 118.
 (/usr/local/texlive/2025/texmf-dist/tex/latex/lm/ts1lmr.fd
File: ts1lmr.fd 2015/05/01 v1.6.1 Font defs for Latin Modern
)

[4{/usr/local/texlive/2025/texmf-dist/fonts/enc/dvips/lm/lm-ts1.enc}]

[5]
<praca_inzynierska/media/image1.png, id=370, 492.8814pt x 685.1196pt>
File: praca_inzynierska/media/image1.png Graphic file (type png)
<use praca_inzynierska/media/image1.png>
Package pdftex.def Info: praca_inzynierska/media/image1.png  used on input line 167.
(pdftex.def)             Requested size: 341.43437pt x 474.60431pt.

Overfull \hbox (24.49855pt too wide) in paragraph at lines 173--173
[]\T1/lmr/bx/n/17.28 Implementacja bac-kendu z wy-ko-rzy-sta-niem Spring
 []



[6
pdfTeX warning (ext4): destination with the same identifier (name{figure.1}) has been already used, duplicate ignored
<argument> ...shipout:D \box_use:N \l_shipout_box 
                                                  \__shipout_drop_firstpage_...
l.178 
       </Users/brbn/Downloads/vertopal.com_Praca in≈ºynierska/praca_inzynierska/media/image1.png>]
LaTeX Font Info:    Trying to load font information for T1+lmtt on input line 183.
 (/usr/local/texlive/2025/texmf-dist/tex/latex/lm/t1lmtt.fd
File: t1lmtt.fd 2015/05/01 v1.6.1 Font defs for Latin Modern
)
<praca_inzynierska/media/image2.png, id=378, 319.1925pt x 528.97626pt>
File: praca_inzynierska/media/image2.png Graphic file (type png)
<use praca_inzynierska/media/image2.png>
Package pdftex.def Info: praca_inzynierska/media/image2.png  used on input line 191.
(pdftex.def)             Requested size: 256.07741pt x 424.38423pt.


[7]
\pydata@fh@_143B001747FD8E5200B80FDB49654DD9.data.minted=\write6
\openout6 = `_143B001747FD8E5200B80FDB49654DD9.data.minted'.

runsystem(latexminted config  --timestamp 20251218173533 143B001747FD8E5200B80FDB49654DD9)...executed.

 (/Users/brbn/Downloads/vertopal.com_Praca in≈ºynierska/_143B001747FD8E5200B80FDB49654DD9.config.minted)
runsystem(latexminted cleanconfig  --timestamp 20251218173533 143B001747FD8E5200B80FDB49654DD9)...executed.

 (/Users/brbn/Downloads/vertopal.com_Praca in≈ºynierska/_minted/default.style.minted) (/Users/brbn/Downloads/vertopal.com_Praca in≈ºynierska/_minted/ED7BF05602082101E59A4371B5ECE649.highlight.minted
LaTeX Font Info:    Font shape `T1/lmtt/bx/n' in size <10.95> not available
(Font)              Font shape `T1/lmtt/b/n' tried instead on input line 2.
)

[8
pdfTeX warning (ext4): destination with the same identifier (name{figure.2}) has been already used, duplicate ignored
<argument> ...shipout:D \box_use:N \l_shipout_box 
                                                  \__shipout_drop_firstpage_...
l.213     \item \texttt
                       {@ComponentScan} -- skanuje pakiety w poszukiwaniu ko... </Users/brbn/Downloads/vertopal.com_Praca in≈ºynierska/praca_inzynierska/media/image2.png>]
Overfull \hbox (3.86995pt too wide) in paragraph at lines 213--214
[]\T1/lmtt/m/n/12 @ComponentScan \T1/lmr/m/n/12 -- ska-nuje pa-kiety w po-szu-ki-wa-niu kom-po-nen-tÛw Spring (klasy
 []

(/Users/brbn/Downloads/vertopal.com_Praca in≈ºynierska/_minted/4E46002E338F3DDEBC708A7FF77EB98D.highlight.minted)
Overfull \hbox (5.62357pt too wide) in paragraph at lines 229--230
[]\T1/lmtt/m/n/12 allowedOrigins("http://localhost:4200") \T1/lmr/m/n/12 -- ze-zwala na ª°-da-nia fron-tendu. 
 []

(/Users/brbn/Downloads/vertopal.com_Praca in≈ºynierska/_minted/7911CD1A53B1DAB0DEE3C6F81AF79B73.highlight.minted)

[9]
Overfull \hbox (11.03075pt too wide) in paragraph at lines 265--266
[]\T1/lmtt/m/n/12 admin, auth, image, ingredient, rating, recipe, step, user \T1/lmr/m/n/12 -- mo-du™y
 []

(/Users/brbn/Downloads/vertopal.com_Praca in≈ºynierska/_minted/D1DCC505B79DD6866D26759B6EE6A09B.highlight.minted

[10{/usr/local/texlive/2025/texmf-dist/fonts/enc/dvips/lm/lm-mathsy.enc}]) (/Users/brbn/Downloads/vertopal.com_Praca in≈ºynierska/_minted/CB79E1571FCE57B85A160EBD877EEC49.highlight.minted) (/Users/brbn/Downloads/vertopal.com_Praca in≈ºynierska/_minted/A505E40983C36C2D80D0250BB33610B3.highlight.minted) (/Users/brbn/Downloads/vertopal.com_Praca in≈ºynierska/_minted/9E8D0788A75839B3DFF603395BDD2DDA.highlight.minted

[11]) (/Users/brbn/Downloads/vertopal.com_Praca in≈ºynierska/_minted/A7B5E368B659DCEFA2712ADDD9CF8E87.highlight.minted)
Underfull \hbox (badness 2435) in paragraph at lines 403--404
[]\T1/lmr/m/n/12 Przyjmuje dane w for-mie JSON oraz opcjo-nalne zdj¶-cia w for-ma-cie
 []



[12] (/Users/brbn/Downloads/vertopal.com_Praca in≈ºynierska/_minted/018EB93B2130596BF94C93F4CE863146.highlight.minted)

[13] (/Users/brbn/Downloads/vertopal.com_Praca in≈ºynierska/_minted/3C9FB357BC64502DA3BB6057FA05C955.highlight.minted)

[14]
Overfull \hbox (12.84737pt too wide) in paragraph at lines 519--520
[]\T1/lmtt/m/n/12 PUT /api/users/{id}/email \T1/lmr/m/n/12 -- Ak-tu-ali-zuje email uªyt-kow-nika. Wy-maga upraw-
 []



[15]
Underfull \hbox (badness 10000) in paragraph at lines 535--536
[]\T1/lmtt/m/n/12 PUT /api/admin/users/{id}/role \T1/lmr/m/n/12 -- Zmie-nia role uªyt-kow-nika
 []



[16]

[17]
<praca_inzynierska/media/image3.png, id=447, 1130.2225pt x 1002.74625pt>
File: praca_inzynierska/media/image3.png Graphic file (type png)
<use praca_inzynierska/media/image3.png>
Package pdftex.def Info: praca_inzynierska/media/image3.png  used on input line 606.
(pdftex.def)             Requested size: 384.1096pt x 340.77621pt.

Overfull \hbox (4.14844pt too wide) in paragraph at lines 610--611
[]\T1/lmr/m/n/12 Adnotacje JPA za-pew-niaj° pre-cy-zyjn° kon-trol¶ nad ma-po-wa-niem da-nych. G™Ûwn°
 []



[18
pdfTeX warning (ext4): destination with the same identifier (name{figure.3}) has been already used, duplicate ignored
<argument> ...shipout:D \box_use:N \l_shipout_box 
                                                  \__shipout_drop_firstpage_...
l.615 
       </Users/brbn/Downloads/vertopal.com_Praca in≈ºynierska/praca_inzynierska/media/image3.png>] (/Users/brbn/Downloads/vertopal.com_Praca in≈ºynierska/_minted/1C3F519C72E7B6274E4620B4A28D834A.highlight.minted

[19])
Overfull \hbox (1.10397pt too wide) in paragraph at lines 681--682
[]\T1/lmtt/m/n/12 context-path: /api \T1/lmr/m/n/12 -- wszyst-kie end-po-inty b¶d° do-st¶pne pod pre-fi-xem \T1/lmtt/m/n/12 /api\T1/lmr/m/n/12 . 
 []

(/Users/brbn/Downloads/vertopal.com_Praca in≈ºynierska/_minted/024058C5DEABFE238925B9C87D89DA9D.highlight.minted

[20])
Overfull \hbox (0.85684pt too wide) in paragraph at lines 719--720
[]\T1/lmr/m/n/12 Logowanie uªyt-kow-ni-kÛw od-bywa si¶ przez end-po-int \T1/lmtt/m/n/12 POST /authenticate\T1/lmr/m/n/12 , ktÛry
 []

(/Users/brbn/Downloads/vertopal.com_Praca in≈ºynierska/_minted/3CD1CE507A2F820DF490EDBBF626915D.highlight.minted)

[21] (/Users/brbn/Downloads/vertopal.com_Praca in≈ºynierska/_minted/C36F92BB53CB5E6F79F761D040C080B5.highlight.minted) (/Users/brbn/Downloads/vertopal.com_Praca in≈ºynierska/_minted/BA6897A9BB4E4F80378B4659533967ED.highlight.minted

[22])
<praca_inzynierska/media/image4.png, id=473, 236.885pt x 96.36pt>
File: praca_inzynierska/media/image4.png Graphic file (type png)
<use praca_inzynierska/media/image4.png>
Package pdftex.def Info: praca_inzynierska/media/image4.png  used on input line 797.
(pdftex.def)             Requested size: 256.07741pt x 104.17014pt.
<praca_inzynierska/media/image5.png, id=474, 890.32625pt x 138.5175pt>
File: praca_inzynierska/media/image5.png Graphic file (type png)
<use praca_inzynierska/media/image5.png>
Package pdftex.def Info: praca_inzynierska/media/image5.png  used on input line 805.
(pdftex.def)             Requested size: 426.79135pt x 66.40097pt.


[23
pdfTeX warning (ext4): destination with the same identifier (name{figure.4}) has been already used, duplicate ignored
<argument> ...shipout:D \box_use:N \l_shipout_box 
                                                  \__shipout_drop_firstpage_...
l.818 
      
pdfTeX warning (ext4): destination with the same identifier (name{figure.5}) has been already used, duplicate ignored
<argument> ...shipout:D \box_use:N \l_shipout_box 
                                                  \__shipout_drop_firstpage_...
l.818 
       </Users/brbn/Downloads/vertopal.com_Praca in≈ºynierska/praca_inzynierska/media/image4.png> </Users/brbn/Downloads/vertopal.com_Praca in≈ºynierska/praca_inzynierska/media/image5.png>] (/Users/brbn/Downloads/vertopal.com_Praca in≈ºynierska/_minted/9E8D0788A75839B3DFF603395BDD2DDA.highlight.minted)

[24] (/Users/brbn/Downloads/vertopal.com_Praca in≈ºynierska/_minted/EB3E6E2F7B97448E9464CE1039D37729.highlight.minted)
Underfull \hbox (badness 10000) in paragraph at lines 868--869
[]\T1/lmr/m/n/12 W po-wyª-szym przy-k™a-dzie w przy-padku wy-st°-pie-nia wy-j°tku
 []


Underfull \hbox (badness 7081) in paragraph at lines 868--869
\T1/lmtt/m/n/12 RecipeNotFoundException \T1/lmr/m/n/12 zwra-cany jest obiekt \T1/lmtt/m/n/12 ErrorObject \T1/lmr/m/n/12 za-wie-ra-j°cy
 []



[25] (/Users/brbn/Downloads/vertopal.com_Praca in≈ºynierska/_minted/49793275CF23BBE53037F84434F0E5E6.highlight.minted
LaTeX Font Info:    Trying to load font information for TS1+lmtt on input line 3.
 (/usr/local/texlive/2025/texmf-dist/tex/latex/lm/ts1lmtt.fd
File: ts1lmtt.fd 2015/05/01 v1.6.1 Font defs for Latin Modern
)

[26])
<praca_inzynierska/media/image6.png, id=497, 343.2825pt x 132.495pt>
File: praca_inzynierska/media/image6.png Graphic file (type png)
<use praca_inzynierska/media/image6.png>
Package pdftex.def Info: praca_inzynierska/media/image6.png  used on input line 928.
(pdftex.def)             Requested size: 341.43437pt x 131.78099pt.


[27
pdfTeX warning (ext4): destination with the same identifier (name{figure.6}) has been already used, duplicate ignored
<argument> ...shipout:D \box_use:N \l_shipout_box 
                                                  \__shipout_drop_firstpage_...
l.948 
       </Users/brbn/Downloads/vertopal.com_Praca in≈ºynierska/praca_inzynierska/media/image6.png>] (/Users/brbn/Downloads/vertopal.com_Praca in≈ºynierska/_minted/A189927256BD5F27758EBC1B10245F1E.highlight.minted) (/Users/brbn/Downloads/vertopal.com_Praca in≈ºynierska/_minted/6E5104C7918C52EE9A704D6F9E4DFDA8.highlight.minted) (/Users/brbn/Downloads/vertopal.com_Praca in≈ºynierska/_minted/786C5A49F258E17AED439E5CFBC8252A.highlight.minted

[28])
Overfull \hbox (59.60115pt too wide) in paragraph at lines 995--1002
\T1/lmr/m/n/12 W mo-men-cie nisz-cze-nia kom-po-nentu, An-gu-lar au-to-ma-tycz-nie wy-wo-™uje me-tod¶ \T1/lmtt/m/n/12 ngOnDestroy()\T1/lmr/m/n/12 ,
 []

(/Users/brbn/Downloads/vertopal.com_Praca in≈ºynierska/_minted/AA0BF0D3C8E209EFC4ACC925DB037047.highlight.minted)

[29] (/Users/brbn/Downloads/vertopal.com_Praca in≈ºynierska/_minted/59D839AED82466AB3D5D0223B7154051.highlight.minted) (/Users/brbn/Downloads/vertopal.com_Praca in≈ºynierska/_minted/BE70B2C50F028999E3BFFEDC054F5931.highlight.minted)
Underfull \hbox (badness 2894) in paragraph at lines 1073--1074
[]\T1/lmr/m/n/12 Podczas ini-cja-li-za-cji ser-wisu, w kon-struk-to-rze wy-wo-™y-wana jest me-toda
 []

(/Users/brbn/Downloads/vertopal.com_Praca in≈ºynierska/_minted/92A17E4F79EBC2EB8C75C9E3426CCDDF.highlight.minted

[30]) (/Users/brbn/Downloads/vertopal.com_Praca in≈ºynierska/_minted/B6B7BD0DD5D8D53213741D531854162D.highlight.minted) (/Users/brbn/Downloads/vertopal.com_Praca in≈ºynierska/_minted/EE38DDB08692F8D5756D715FB5487378.highlight.minted)

[31]
Overfull \hbox (6.844pt too wide) in paragraph at lines 1120--1121
[]\T1/lmr/m/n/12 Sercem ser-wisu jest \T1/lmtt/m/n/12 BehaviorSubject\T1/lmr/m/n/12 , pe™-ni°ce funk-cj¶ cen-tral-nego πrÛ-d™a prawdy
 []

(/Users/brbn/Downloads/vertopal.com_Praca in≈ºynierska/_minted/AE92123D9063185FBCBB14CFC71A64C6.highlight.minted) (/Users/brbn/Downloads/vertopal.com_Praca in≈ºynierska/_minted/7A332CB5138CB75B17BDC72C014B7D6B.highlight.minted) (/Users/brbn/Downloads/vertopal.com_Praca in≈ºynierska/_minted/EBD27303D741224BD89BDD92630B95A6.highlight.minted

[32])
Underfull \hbox (badness 10000) in paragraph at lines 1184--1185
[]\T1/lmr/m/n/12 Metody ta-kie jak \T1/lmtt/m/n/12 loadCategories()\T1/lmr/m/n/12 , \T1/lmtt/m/n/12 loadLanguages() \T1/lmr/m/n/12 oraz
 []


Underfull \hbox (badness 2564) in paragraph at lines 1184--1185
\T1/lmtt/m/n/12 loadIngredients() \T1/lmr/m/n/12 dy-na-micz-nie two-rz° opcje dla kon-tro-lek fil-tru-j°-cych w
 []

(/Users/brbn/Downloads/vertopal.com_Praca in≈ºynierska/_minted/61279BCAC097E121D6E1EC68BA5B6D41.highlight.minted)

[33]
Underfull \hbox (badness 1430) in paragraph at lines 1221--1222
\T1/lmr/m/n/12 wisu obej-muje po-bie-ra-nie da-nych o pro-filu, prze-pi-sach i ulu-bio-nych prze-pi-
 []

(/Users/brbn/Downloads/vertopal.com_Praca in≈ºynierska/_minted/4AA16BC3C1A2F92E966B09B7D068306B.highlight.minted) (/Users/brbn/Downloads/vertopal.com_Praca in≈ºynierska/_minted/23D3EDBF859A87001EA95508F4AB4ED9.highlight.minted

[34]) (/Users/brbn/Downloads/vertopal.com_Praca in≈ºynierska/_minted/D9935B676F2E1D5D6EB35354A9256DED.highlight.minted)

[35]
<praca_inzynierska/media/image7.png, id=541, 301.125pt x 451.6875pt>
File: praca_inzynierska/media/image7.png Graphic file (type png)
<use praca_inzynierska/media/image7.png>
Package pdftex.def Info: praca_inzynierska/media/image7.png  used on input line 1317.
(pdftex.def)             Requested size: 298.75264pt x 448.17136pt.

Underfull \hbox (badness 10000) in paragraph at lines 1322--1323
[]\T1/lmr/m/n/12 Uk™ad kaª-dej strony za-my-kany jest po-przez kom-po-nent stopki
 []

<praca_inzynierska/media/image8.png, id=542, 1063.975pt x 274.02374pt>
File: praca_inzynierska/media/image8.png Graphic file (type png)
<use praca_inzynierska/media/image8.png>
Package pdftex.def Info: praca_inzynierska/media/image8.png  used on input line 1327.
(pdftex.def)             Requested size: 426.79135pt x 109.91696pt.


[36
pdfTeX warning (ext4): destination with the same identifier (name{figure.7}) has been already used, duplicate ignored
<argument> ...shipout:D \box_use:N \l_shipout_box 
                                                  \__shipout_drop_firstpage_...
l.1330 
        </Users/brbn/Downloads/vertopal.com_Praca in≈ºynierska/praca_inzynierska/media/image7.png (PNG copy)>]
Underfull \hbox (badness 1270) in paragraph at lines 1334--1335
\T1/lmr/m/n/12 stuje on w tym celu ser-wis au-to-ry-za-cji (\T1/lmtt/m/n/12 auth.service.ts\T1/lmr/m/n/12 ) oraz stru-mie-nie
 []

(/Users/brbn/Downloads/vertopal.com_Praca in≈ºynierska/_minted/AF850004A00271FA3EF65A4118E60AE9.highlight.minted

[37
pdfTeX warning (ext4): destination with the same identifier (name{figure.8}) has been already used, duplicate ignored
<argument> ...shipout:D \box_use:N \l_shipout_box 
                                                  \__shipout_drop_firstpage_...
l.27 ...G{n+nx}{now}\PYG{p}{(}\PYG{p}{)}\PYG{p}{;}
                                                   </Users/brbn/Downloads/vertopal.com_Praca in≈ºynierska/praca_inzynierska/media/image8.png>]) (/Users/brbn/Downloads/vertopal.com_Praca in≈ºynierska/_minted/FBABD4DDB531AE52CA4E73C78D9C5C68.highlight.minted)
<praca_inzynierska/media/image9.png, id=555, 341.3553pt x 284.5029pt>
File: praca_inzynierska/media/image9.png Graphic file (type png)
<use praca_inzynierska/media/image9.png>
Package pdftex.def Info: praca_inzynierska/media/image9.png  used on input line 1397.
(pdftex.def)             Requested size: 341.43437pt x 284.57599pt.


[38] (/Users/brbn/Downloads/vertopal.com_Praca in≈ºynierska/_minted/D5A617C72DA638424E8FD61949517A51.highlight.minted

[39
pdfTeX warning (ext4): destination with the same identifier (name{figure.9}) has been already used, duplicate ignored
<argument> ...shipout:D \box_use:N \l_shipout_box 
                                                  \__shipout_drop_firstpage_...
l.21 \PYG{+w}{      }\PYG{p}{\PYGZcb{}}\PYG{p}{,}
                                                  </Users/brbn/Downloads/vertopal.com_Praca in≈ºynierska/praca_inzynierska/media/image9.png (PNG copy)>])
<praca_inzynierska/media/image10.png, id=566, 1425.325pt x 1230.5975pt>
File: praca_inzynierska/media/image10.png Graphic file (type png)
<use praca_inzynierska/media/image10.png>
Package pdftex.def Info: praca_inzynierska/media/image10.png  used on input line 1447.
(pdftex.def)             Requested size: 426.79135pt x 368.46857pt.

Overfull \hbox (0.4947pt too wide) in paragraph at lines 1453--1454
 []\T1/lmr/bx/n/12 RecipeDetailedComponent[] \T1/lmtt/m/n/12 RecipeDetailedComponent \T1/lmr/m/n/12 od-po-wie-dzialny jest za
 []



[40
pdfTeX warning (ext4): destination with the same identifier (name{figure.10}) has been already used, duplicate ignored
<argument> ...shipout:D \box_use:N \l_shipout_box 
                                                  \__shipout_drop_firstpage_...
l.1454 
        </Users/brbn/Downloads/vertopal.com_Praca in≈ºynierska/praca_inzynierska/media/image10.png>]
Overfull \hbox (21.0153pt too wide) in paragraph at lines 1455--1456
\T1/lmr/m/n/12 nentu, z ktÛ-rego wy-do-by-wane jest ID prze-pisu. Na-st¶p-nie me-toda \T1/lmtt/m/n/12 loadRecipeDetails()
 []

(/Users/brbn/Downloads/vertopal.com_Praca in≈ºynierska/_minted/AC158D52FA615DC68BFADAD859048DA8.highlight.minted)
Overfull \hbox (49.81444pt too wide) in paragraph at lines 1482--1483
\T1/lmr/m/n/12 prze-pis za-zna-cza-j°c ilo±¢ gwiaz-dek. Oce-nia-nie za-bez-pie-czone jest po-przez \T1/lmtt/m/n/12 debounceTime(500)\T1/lmr/m/n/12 ,
 []

<praca_inzynierska/media/image11.png, id=573, 724.7075pt x 206.7725pt>
File: praca_inzynierska/media/image11.png Graphic file (type png)
<use praca_inzynierska/media/image11.png>
Package pdftex.def Info: praca_inzynierska/media/image11.png  used on input line 1486.
(pdftex.def)             Requested size: 341.43437pt x 97.41971pt.

Underfull \hbox (badness 1442) in paragraph at lines 1495--1496
[]\T1/lmr/m/n/12 Opcja usu-ni¶-cia oraz edy-cji prze-pisu jest do-st¶pna tylko dla w™a-±ci-ciela
 []


Underfull \hbox (badness 1194) in paragraph at lines 1495--1496
\T1/lmr/m/n/12 prze-pisu. Usu-wa-nie prze-pisu po-siada dwu-eta-pow° we-ry-fi-ka-cj¶. Po wy-wo-™a-niu
 []



[41
pdfTeX warning (ext4): destination with the same identifier (name{figure.11}) has been already used, duplicate ignored
<argument> ...shipout:D \box_use:N \l_shipout_box 
                                                  \__shipout_drop_firstpage_...
l.1496 \end{sloppypar}
                       </Users/brbn/Downloads/vertopal.com_Praca in≈ºynierska/praca_inzynierska/media/image11.png>]
Overfull \hbox (10.889pt too wide) in paragraph at lines 1500--1501
 []\T1/lmr/bx/n/12 AddRecipePanelComponent[] \T1/lmr/m/n/12 Kom-po-nent jest od-po-wie-dzialny za do-da-wa-nie prze-
 []

(/Users/brbn/Downloads/vertopal.com_Praca in≈ºynierska/_minted/BD1CB56100E0E2BAAC7B7C044290E78D.highlight.minted) (/Users/brbn/Downloads/vertopal.com_Praca in≈ºynierska/_minted/AF4BA16C24D2B0D74EE335F92FAED937.highlight.minted

[42])
Underfull \hbox (badness 3838) in paragraph at lines 1555--1556
[]\T1/lmr/m/n/12 W przy-padku po-my±l-nego wy-s™a-nia, for-mu-larz jest re-se-to-wany me-tod°
 []

(/Users/brbn/Downloads/vertopal.com_Praca in≈ºynierska/_minted/03D12D7A468AEEBFBD675F76310D9EC4.highlight.minted

[43])

[44] (/Users/brbn/Downloads/vertopal.com_Praca in≈ºynierska/_minted/625AAEBEFE49D6048C21025839354A64.highlight.minted)
Underfull \hbox (badness 1377) in paragraph at lines 1676--1677
\T1/lmr/m/n/12 ra-to-rem \T1/lmtt/m/n/12 debounceTime(300)\T1/lmr/m/n/12 . Me-toda \T1/lmtt/m/n/12 executeFilterUpdate() \T1/lmr/m/n/12 two-rzy obiekt
 []

(/Users/brbn/Downloads/vertopal.com_Praca in≈ºynierska/_minted/E792272C02D1D9B407171C84005CA7A3.highlight.minted

[45]) (/Users/brbn/Downloads/vertopal.com_Praca in≈ºynierska/_minted/1897764DD00FA41B0F250DEBC7EBEE94.highlight.minted) (/Users/brbn/Downloads/vertopal.com_Praca in≈ºynierska/_minted/9B4DB02DCB9701E88A8335E2D6EBD2CD.highlight.minted

[46])
Underfull \hbox (badness 10000) in paragraph at lines 1747--1748
[]\T1/lmr/m/n/12 Komponent wy-ko-nuje fil-tro-wa-nie w pa-mi¶ci prze-gl°-darki. Me-toda
 []


Underfull \hbox (badness 1127) in paragraph at lines 1747--1748
\T1/lmtt/m/n/12 applyAllFilters() \T1/lmr/m/n/12 se-kwen-cyj-nie apli-kuje wszyst-kie ak-tywne fil-try. Fil-tro-wa-
 []

(/Users/brbn/Downloads/vertopal.com_Praca in≈ºynierska/_minted/10DE8E2EE0B22DAF4E0826B8B87E89C6.highlight.minted)
Underfull \hbox (badness 1163) in paragraph at lines 1769--1770
\T1/lmr/m/n/12 wy-±wie-tla od-po-wied-ni° ilo±¢ ele-men-tÛw ta-blicy na pod-sta-wie \T1/lmtt/m/n/12 currentPage \T1/lmr/m/n/12 i
 []


Underfull \hbox (badness 10000) in paragraph at lines 1779--1780
[]\T1/lmr/m/n/12 Komponent prze-cho-wuje ory-gi-nalne war-to-±ci (\T1/lmtt/m/n/12 originalUsername\T1/lmr/m/n/12 ,
 []


Underfull \hbox (badness 1067) in paragraph at lines 1779--1780
\T1/lmtt/m/n/12 originalDescription\T1/lmr/m/n/12 ) i przed wy-s™a-niem po-rÛw-nuje je z nowo wpro-wa-dzo-
 []

(/Users/brbn/Downloads/vertopal.com_Praca in≈ºynierska/_minted/D71B22DB16A9450331D63BCCE4293473.highlight.minted

[47])
<praca_inzynierska/media/image12.png, id=613, 691.58376pt x 466.74374pt>
File: praca_inzynierska/media/image12.png Graphic file (type png)
<use praca_inzynierska/media/image12.png>
Package pdftex.def Info: praca_inzynierska/media/image12.png  used on input line 1795.
(pdftex.def)             Requested size: 341.43437pt x 230.43706pt.
 (/Users/brbn/Downloads/vertopal.com_Praca in≈ºynierska/_minted/2464A87AF12E7C79CD2923BB83C923F5.highlight.minted

[48
pdfTeX warning (ext4): destination with the same identifier (name{figure.12}) has been already used, duplicate ignored
<argument> ...shipout:D \box_use:N \l_shipout_box 
                                                  \__shipout_drop_firstpage_...
l.11 ...in at least one uppercase letter\PYGZsq{}}
                                                   </Users/brbn/Downloads/vertopal.com_Praca in≈ºynierska/praca_inzynierska/media/image12.png>])
Underfull \hbox (badness 10000) in paragraph at lines 1822--1823
[]\T1/lmr/m/n/12 Podobnie jak \T1/lmtt/m/n/12 EditProfileComponent\T1/lmr/m/n/12 , wy-ko-rzy-stuje stru-mie-nie z
 []

<praca_inzynierska/media/image13.png, id=622, 693.59125pt x 379.4175pt>
File: praca_inzynierska/media/image13.png Graphic file (type png)
<use praca_inzynierska/media/image13.png>
Package pdftex.def Info: praca_inzynierska/media/image13.png  used on input line 1827.
(pdftex.def)             Requested size: 341.43437pt x 186.77882pt.

Underfull \hbox (badness 10000) in paragraph at lines 1836--1837
[]\T1/lmr/m/n/12 Po wy-wo-™a-niu \T1/lmtt/m/n/12 confirmDeleteUser()\T1/lmr/m/n/12 , wy-ko-ny-wane jest ª°-da-nie do
 []


Underfull \hbox (badness 2393) in paragraph at lines 1836--1837
\T1/lmtt/m/n/12 ProfileService\T1/lmr/m/n/12 . Je-±li ª°-da-nie za-ko´-czy si¶ suk-ce-sem, uªyt-kow-nik zo-sta-nie
 []

(/Users/brbn/Downloads/vertopal.com_Praca in≈ºynierska/_minted/B51B31DAA60272210FECDBCB1811D170.highlight.minted

[49
pdfTeX warning (ext4): destination with the same identifier (name{figure.13}) has been already used, duplicate ignored
<argument> ...shipout:D \box_use:N \l_shipout_box 
                                                  \__shipout_drop_firstpage_...
l.15 ...+nx}{logout}\PYG{p}{(}\PYG{p}{)}\PYG{p}{;}
                                                   </Users/brbn/Downloads/vertopal.com_Praca in≈ºynierska/praca_inzynierska/media/image13.png>])
<praca_inzynierska/media/image14.png, id=630, 595.22375pt x 274.02374pt>
File: praca_inzynierska/media/image14.png Graphic file (type png)
<use praca_inzynierska/media/image14.png>
Package pdftex.def Info: praca_inzynierska/media/image14.png  used on input line 1868.
(pdftex.def)             Requested size: 298.75264pt x 137.53418pt.
<praca_inzynierska/media/image15.png, id=631, 1294.8375pt x 394.47375pt>
File: praca_inzynierska/media/image15.png Graphic file (type png)
<use praca_inzynierska/media/image15.png>
Package pdftex.def Info: praca_inzynierska/media/image15.png  used on input line 1878.
(pdftex.def)             Requested size: 426.79135pt x 130.02023pt.


[50
pdfTeX warning (ext4): destination with the same identifier (name{figure.14}) has been already used, duplicate ignored
<argument> ...shipout:D \box_use:N \l_shipout_box 
                                                  \__shipout_drop_firstpage_...
l.1884 \end{sloppypar}
                      
pdfTeX warning (ext4): destination with the same identifier (name{figure.15}) has been already used, duplicate ignored
<argument> ...shipout:D \box_use:N \l_shipout_box 
                                                  \__shipout_drop_firstpage_...
l.1884 \end{sloppypar}
                       </Users/brbn/Downloads/vertopal.com_Praca in≈ºynierska/praca_inzynierska/media/image14.png> </Users/brbn/Downloads/vertopal.com_Praca in≈ºynierska/praca_inzynierska/media/image15.png>] (/Users/brbn/Downloads/vertopal.com_Praca in≈ºynierska/_minted/3528AB94FFA329D2934F3D074A49763C.highlight.minted)
Underfull \hbox (badness 10000) in paragraph at lines 1910--1911
[]\T1/lmr/m/n/12 Zak™adka \T1/lmtt/m/n/12 dashboard \T1/lmr/m/n/12 wy-±wie-tla ak-tu-alne sta-ty-styki sys-temu po-przez
 []


Underfull \hbox (badness 2762) in paragraph at lines 1910--1911
\T1/lmtt/m/n/12 getStatus()\T1/lmr/m/n/12 . Me-toda wy-±wie-tla liczb¶ uªyt-kow-ni-kÛw, prze-pi-sÛw oraz inne
 []


Underfull \hbox (badness 1024) in paragraph at lines 1910--1911
\T1/lmr/m/n/12 me-tryki. Wszyst-kie ope-ra-cje asyn-chro-niczne wy-ko-rzy-stuj° flag¶ \T1/lmtt/m/n/12 loading\T1/lmr/m/n/12 , aby
 []


Underfull \hbox (badness 1472) in paragraph at lines 1916--1917
\T1/lmr/m/n/12 tej war-stwy wcho-dz° ser-wisy od-po-wie-dzialne za po-wia-da-mia-nie uªyt-kow-nika
 []



[51] (/Users/brbn/Downloads/vertopal.com_Praca in≈ºynierska/_minted/07820F8943EAABBE58C9CE8ACEE507CC.highlight.minted) (/Users/brbn/Downloads/vertopal.com_Praca in≈ºynierska/_minted/39AEB313F902957E17105BE9C88918CC.highlight.minted)
Overfull \hbox (4.62727pt too wide) in paragraph at lines 1948--1949
[]\T1/lmtt/m/n/12 BehaviorSubject \T1/lmr/m/n/12 prze-cho-wuje ak-tywne ko-mu-ni-katy w ta-blicy, umoª-li-wia-j°c kom-
 []


Overfull \hbox (0.29419pt too wide) in paragraph at lines 1948--1949
\T1/lmr/m/n/12 po-nen-tom sub-skryp-cj¶ zmian po-przez \T1/lmtt/m/n/12 notifications$\T1/lmr/m/n/12 . Me-toda \T1/lmtt/m/n/12 remove() \T1/lmr/m/n/12 i \T1/lmtt/m/n/12 clear()
 []


Underfull \hbox (badness 10000) in paragraph at lines 1951--1952
[]\T1/lmtt/m/n/12 ToastNotificationComponent \T1/lmr/m/n/12 wy-±wie-tla po-wia-do-mie-nia otrzy-mane z
 []

<praca_inzynierska/media/image16.png, id=644, 358.33875pt x 224.84pt>
File: praca_inzynierska/media/image16.png Graphic file (type png)
<use praca_inzynierska/media/image16.png>
Package pdftex.def Info: praca_inzynierska/media/image16.png  used on input line 1956.
(pdftex.def)             Requested size: 213.39568pt x 133.89638pt.
(/Users/brbn/Downloads/vertopal.com_Praca in≈ºynierska/_minted/610B7D7931875D6567CC5FFEFF8996CA.highlight.minted

[52
pdfTeX warning (ext4): destination with the same identifier (name{figure.16}) has been already used, duplicate ignored
<argument> ...shipout:D \box_use:N \l_shipout_box 
                                                  \__shipout_drop_firstpage_...
l.7 \end{MintedVerbatim}
                         </Users/brbn/Downloads/vertopal.com_Praca in≈ºynierska/praca_inzynierska/media/image16.png>]) (/Users/brbn/Downloads/vertopal.com_Praca in≈ºynierska/_minted/95FB45B8B4D418425187F198B01EFCBC.highlight.minted) (/Users/brbn/Downloads/vertopal.com_Praca in≈ºynierska/_minted/140D92089C93E17FE74081FE56123D62.highlight.minted) (/Users/brbn/Downloads/vertopal.com_Praca in≈ºynierska/_minted/531704553F51822A66F6A082BEE8D4F5.highlight.minted

[53]) (/Users/brbn/Downloads/vertopal.com_Praca in≈ºynierska/_minted/60837B7BAA256CBB9BCE61F0FFE405D1.highlight.minted) (/Users/brbn/Downloads/vertopal.com_Praca in≈ºynierska/_minted/7BA3F509CBB4623EE78CF5337D3C2D89.highlight.minted) (/Users/brbn/Downloads/vertopal.com_Praca in≈ºynierska/_minted/8F23F872A8819E1382FD5B0501970E0A.highlight.minted

[54]) (/Users/brbn/Downloads/vertopal.com_Praca in≈ºynierska/_minted/E47AB1B8406321F6C977D45ACCACE0A0.highlight.minted) (/Users/brbn/Downloads/vertopal.com_Praca in≈ºynierska/_minted/F47EF89DB35314ADE0FE7C6BE74E6899.highlight.minted)
Overfull \hbox (4.45644pt too wide) in paragraph at lines 2087--2088
\T1/lmr/m/n/12 ±ci™o to struk-tur¶ pro-jektu po-przez wy-eli-mi-no-wa-nie tra-dy-cyj-nych mo-du-™Ûw \T1/lmtt/m/n/12 NgModule\T1/lmr/m/n/12 . 
 []



[55]
Overfull \hbox (1.9522pt too wide) in paragraph at lines 2117--2118
\T1/lmr/m/n/12 warstw (bac-kend i fron-tend) za-sto-so-wano tech-nik¶ wie-lo-eta-po-wego bu-do-wa-nia (multi-
 []



[56] (/Users/brbn/Downloads/vertopal.com_Praca in≈ºynierska/_minted/104846FEA02E71F897AEEB1D777A2142.highlight.minted

[57]) (/Users/brbn/Downloads/vertopal.com_Praca in≈ºynierska/_minted/5425DB1A405A5F866D6F79605E22520E.highlight.minted

[58]) (/Users/brbn/Downloads/vertopal.com_Praca in≈ºynierska/_minted/81E31DFB9B979605C948DCCD132BD715.highlight.minted

[59])
Overfull \hbox (3.46742pt too wide) in paragraph at lines 2294--2295
\T1/lmr/m/n/12 dowo test \T1/lmtt/m/n/12 getStats_ShouldReturnRealDatabaseCounts_WhenAdmin \T1/lmr/m/n/12 we-ry-fi-kuje, czy
 []

(/Users/brbn/Downloads/vertopal.com_Praca in≈ºynierska/_minted/31E1F207784649880B6C6D25D10217E3.highlight.minted)
Overfull \hbox (3.5797pt too wide) in paragraph at lines 2311--2312
[]\T1/lmr/m/n/12 Natomiast test \T1/lmtt/m/n/12 deleteUser_ShouldRemoveUserAndRecipes_WhenAdmin \T1/lmr/m/n/12 po-twier-
 []

(/Users/brbn/Downloads/vertopal.com_Praca in≈ºynierska/_minted/EEB2802DF31ED6F46894BAD7A69F71B1.highlight.minted

[60])
Overfull \hbox (30.7914pt too wide) in paragraph at lines 2328--2329
[]\T1/lmr/m/n/12 Dodatkowo w celu za-pew-nie-nia izo-la-cji te-stÛw za-sto-so-wano ad-no-ta-cj¶ \T1/lmtt/m/n/12 @Transactional\T1/lmr/m/n/12 .
 []

(/Users/brbn/Downloads/vertopal.com_Praca in≈ºynierska/_minted/91ADE48FD972452C8302C147BC24A404.highlight.minted

[61]) (/Users/brbn/Downloads/vertopal.com_Praca in≈ºynierska/_minted/74FF83061989AA1533448C37EB96A858.highlight.minted)

[62] (/Users/brbn/Downloads/vertopal.com_Praca in≈ºynierska/_minted/D012517F0BE6721F1DABE2A2861C3BCF.highlight.minted) (/Users/brbn/Downloads/vertopal.com_Praca in≈ºynierska/_minted/EE7B818E20F5A9A8480AA208B5E8AF70.highlight.minted) (/Users/brbn/Downloads/vertopal.com_Praca in≈ºynierska/_minted/4D1C1ABF114EB3F3D35680F5B03C1CB2.highlight.minted)

[63] (/Users/brbn/Downloads/vertopal.com_Praca in≈ºynierska/_minted/40B80576AC03AED77DECF1F4F3BABF21.highlight.minted)
Underfull \hbox (badness 1931) in paragraph at lines 2482--2483
\T1/lmr/m/n/12 Testy wy-daj-no-±ciowe uru-cha-miane s° prze-ciwko dzia-™a-j°-cej in-stan-cji apli-ka-
 []


Underfull \hbox (badness 2173) in paragraph at lines 2482--2483
\T1/lmr/m/n/12 leªy mie¢ za-in-sta-lo-wane na-rz¶-dzie k6 i uru-cho-mi¢ te-sty ko-mend° (\T1/lmtt/m/n/12 k6 run
 []



[64]
<praca_inzynierska/media/image17.png, id=715, 793.96625pt x 629.35126pt>
File: praca_inzynierska/media/image17.png Graphic file (type png)
<use praca_inzynierska/media/image17.png>
Package pdftex.def Info: praca_inzynierska/media/image17.png  used on input line 2489.
(pdftex.def)             Requested size: 426.79135pt x 338.30812pt.


[65
pdfTeX warning (ext4): destination with the same identifier (name{figure.17}) has been already used, duplicate ignored
<argument> ...shipout:D \box_use:N \l_shipout_box 
                                                  \__shipout_drop_firstpage_...
l.2498 
        </Users/brbn/Downloads/vertopal.com_Praca in≈ºynierska/praca_inzynierska/media/image17.png>]

[66]

[67]
Underfull \hbox (badness 1168) in paragraph at lines 2545--2546
[]\T1/lmr/m/n/12 GeeksforGeeks, \T1/lmr/m/it/12 Spring De-pen-dency In-jec-tion with Exam-ple\T1/lmr/m/n/12 , [on-line]. Do-
 []


Underfull \hbox (badness 10000) in paragraph at lines 2545--2546
\T1/lmr/m/n/12 st¶pne pod ad-re-sem: [][]$\T1/lmtt/m/n/12 https : / / www . geeksforgeeks . org / advance-[]java /
 []


Underfull \hbox (badness 5475) in paragraph at lines 2548--2549
[]\T1/lmr/m/n/12 GeeksforGeeks, \T1/lmr/m/it/12 Spring Boot Fe-atu-res for Java De-ve-lop-ment\T1/lmr/m/n/12 , [on-line].
 []


Underfull \hbox (badness 10000) in paragraph at lines 2548--2549
\T1/lmr/m/n/12 Do-st¶pne pod ad-re-sem: [][]$\T1/lmtt/m/n/12 https : / / www . geeksforgeeks . org / blogs /
 []


Underfull \hbox (badness 10000) in paragraph at lines 2560--2561
\T1/lmr/m/n/12 pod ad-re-sem: [][]$\T1/lmtt/m/n/12 https : / / docs . spring . io / spring-[]framework / reference /
 []


Underfull \hbox (badness 1874) in paragraph at lines 2570--2571
[]\T1/lmr/m/n/12 Angular.dev, \T1/lmr/m/it/12 Te-sting Gu-ide\T1/lmr/m/n/12 , [on-line]. Do-st¶pne pod ad-re-sem: [][]$\T1/lmtt/m/n/12 https : / /
 []



[68] (/Users/brbn/Downloads/vertopal.com_Praca in≈ºynierska/praca_inzynierska.aux)
 ***********
LaTeX2e <2024-11-01> patch level 2
L3 programming layer <2025-01-18>
 ***********
Package rerunfilecheck Info: File `praca_inzynierska.out' has not changed.
(rerunfilecheck)             Checksum: F8340BAC32CE832C268EC106948CF310;13155.
 ) 
Here is how much of TeX's memory you used:
 17825 strings out of 473190
 374944 string characters out of 5715799
 850545 words of memory out of 5000000
 40389 multiletter control sequences out of 15000+600000
 611209 words of font info for 72 fonts, out of 8000000 for 9000
 1141 hyphenation exceptions out of 8191
 75i,7n,81p,1398b,1098s stack positions out of 10000i,1000n,20000p,200000b,200000s
</usr/local/texlive/2025/texmf-dist/fonts/type1/public/lm/lmbx12.pfb></usr/local/texlive/2025/texmf-dist/fonts/type1/public/lm/lmbxi10.pfb></usr/local/texlive/2025/texmf-dist/fonts/type1/public/lm/lmr12.pfb></usr/local/texlive/2025/texmf-dist/fonts/type1/public/lm/lmr6.pfb></usr/local/texlive/2025/texmf-dist/fonts/type1/public/lm/lmri12.pfb></usr/local/texlive/2025/texmf-dist/fonts/type1/public/lm/lmsy10.pfb></usr/local/texlive/2025/texmf-dist/fonts/type1/public/lm/lmtk10.pfb></usr/local/texlive/2025/texmf-dist/fonts/type1/public/lm/lmtt10.pfb></usr/local/texlive/2025/texmf-dist/fonts/type1/public/lm/lmtt12.pfb></usr/local/texlive/2025/texmf-dist/fonts/type1/public/lm/lmtti10.pfb>
Output written on "/Users/brbn/Downloads/vertopal.com_Praca in≈ºynierska/praca_inzynierska.pdf" (69 pages, 2250579 bytes).
PDF statistics:
 878 PDF objects out of 1000 (max. 8388607)
 744 compressed objects within 8 object streams
 216 named destinations out of 1000 (max. 500000)
 622 words of extra memory for PDF output out of 10000 (max. 10000000)

